<?xml version="1.0" encoding="UTF-8"?>
<testng-results skipped="0" failed="0" ignored="0" total="5" passed="5">
  <reporter-output>
  </reporter-output>
  <suite name="Default suite" duration-ms="84056" started-at="2020-12-03T10:02:19Z" finished-at="2020-12-03T10:03:43Z">
    <groups>
    </groups>
    <test name="Default test" duration-ms="84056" started-at="2020-12-03T10:02:19Z" finished-at="2020-12-03T10:03:43Z">
      <class name="testNGFramework.YourLogoForTestNGAnnotations">
        <test-method status="PASS" signature="a_pageLoad()[pri:0, instance:testNGFramework.YourLogoForTestNGAnnotations@2b98378d]" name="a_pageLoad" is-config="true" duration-ms="27885" started-at="2020-12-03T10:02:19Z" finished-at="2020-12-03T10:02:47Z">
          <reporter-output>
          </reporter-output>
        </test-method> <!-- a_pageLoad -->
        <test-method status="PASS" signature="b_intialRegistration()[pri:0, instance:testNGFramework.YourLogoForTestNGAnnotations@2b98378d]" name="b_intialRegistration" duration-ms="13528" started-at="2020-12-03T10:02:47Z" finished-at="2020-12-03T10:03:00Z">
          <reporter-output>
          </reporter-output>
        </test-method> <!-- b_intialRegistration -->
        <test-method status="PASS" signature="c_personalInfo()[pri:0, instance:testNGFramework.YourLogoForTestNGAnnotations@2b98378d]" name="c_personalInfo" duration-ms="32603" started-at="2020-12-03T10:03:00Z" finished-at="2020-12-03T10:03:33Z">
          <reporter-output>
          </reporter-output>
        </test-method> <!-- c_personalInfo -->
        <test-method status="PASS" signature="d_addressInfo()[pri:0, instance:testNGFramework.YourLogoForTestNGAnnotations@2b98378d]" name="d_addressInfo" duration-ms="4774" started-at="2020-12-03T10:03:33Z" finished-at="2020-12-03T10:03:38Z">
          <reporter-output>
          </reporter-output>
        </test-method> <!-- d_addressInfo -->
        <test-method status="PASS" signature="e_signOut()[pri:0, instance:testNGFramework.YourLogoForTestNGAnnotations@2b98378d]" name="e_signOut" duration-ms="2656" started-at="2020-12-03T10:03:38Z" finished-at="2020-12-03T10:03:41Z">
          <reporter-output>
          </reporter-output>
        </test-method> <!-- e_signOut -->
        <test-method status="PASS" signature="f_signIn()[pri:0, instance:testNGFramework.YourLogoForTestNGAnnotations@2b98378d]" name="f_signIn" duration-ms="2345" started-at="2020-12-03T10:03:41Z" finished-at="2020-12-03T10:03:43Z">
          <reporter-output>
          </reporter-output>
        </test-method> <!-- f_signIn -->
        <test-method status="PASS" signature="g_browserrclosure()[pri:0, instance:testNGFramework.YourLogoForTestNGAnnotations@2b98378d]" name="g_browserrclosure" is-config="true" duration-ms="169" started-at="2020-12-03T10:03:43Z" finished-at="2020-12-03T10:03:43Z">
          <reporter-output>
          </reporter-output>
        </test-method> <!-- g_browserrclosure -->
      </class> <!-- testNGFramework.YourLogoForTestNGAnnotations -->
    </test> <!-- Default test -->
  </suite> <!-- Default suite -->
</testng-results>
