<?xml version="1.0" encoding="UTF-8"?>
<testng-results skipped="0" failed="0" ignored="0" total="2" passed="2">
  <reporter-output>
  </reporter-output>
  <suite name="Default suite" duration-ms="38277" started-at="2020-12-03T03:25:40Z" finished-at="2020-12-03T03:26:18Z">
    <groups>
    </groups>
    <test name="Default test" duration-ms="38277" started-at="2020-12-03T03:25:40Z" finished-at="2020-12-03T03:26:18Z">
      <class name="scripts.LoginFlowScript">
        <test-method status="PASS" signature="a_pageLoad()[pri:0, instance:scripts.LoginFlowScript@20e2cbe0]" name="a_pageLoad" duration-ms="27522" started-at="2020-12-03T03:25:40Z" finished-at="2020-12-03T03:26:07Z">
          <reporter-output>
          </reporter-output>
        </test-method> <!-- a_pageLoad -->
        <test-method status="PASS" signature="b_LoginLogout()[pri:0, instance:scripts.LoginFlowScript@20e2cbe0]" name="b_LoginLogout" duration-ms="10699" started-at="2020-12-03T03:26:07Z" finished-at="2020-12-03T03:26:18Z">
          <reporter-output>
          </reporter-output>
        </test-method> <!-- b_LoginLogout -->
      </class> <!-- scripts.LoginFlowScript -->
    </test> <!-- Default test -->
  </suite> <!-- Default suite -->
</testng-results>
