<?xml version="1.0" encoding="UTF-8"?>
<!-- Generated by org.testng.reporters.JUnitXMLReporter -->
<testsuite hostname="RajashekarReddy" ignored="3" name="Groupingconcept" tests="3" failures="0" timestamp="23 Nov 2020 03:56:28 GMT" time="0.068" errors="0">
  <testcase name="a_script" time="0.019" classname="testNGFramework.Groupingconcept"/>
  <testcase name="b_script" time="0.002" classname="testNGFramework.Groupingconcept"/>
  <testcase name="c_script" time="0.003" classname="testNGFramework.Groupingconcept"/>
  <testcase name="e_script" time="0.0" classname="testNGFramework.Groupingconcept">
    <ignored/>
  </testcase> <!-- e_script -->
  <testcase name="d_script" time="0.0" classname="testNGFramework.Groupingconcept">
    <ignored/>
  </testcase> <!-- d_script -->
  <testcase name="f_script" time="0.0" classname="testNGFramework.Groupingconcept">
    <ignored/>
  </testcase> <!-- f_script -->
</testsuite> <!-- Groupingconcept -->
